<?xml version="1.0"?>
<!DOCTYPE coverage SYSTEM "http://cobertura.sourceforge.net/xml/coverage-04.dtd">

<coverage line-rate="0.25" branch-rate="0.0625" lines-covered="36" lines-valid="144" branches-covered="3" branches-valid="48" complexity="1.5522388059701493" version="2.1.1" timestamp="1488777343082">
	<sources>
		<source>/Users/joyappanjintu/Documents/workspace-sts-3.8.3.RELEASE/myretail/src/main/java</source>
		<source>--source</source>
	</sources>
	<packages>
		<package name="com.retail.productdetails.aop" line-rate="0.0" branch-rate="0.0" complexity="2.0">
			<classes>
				<class name="com.retail.productdetails.aop.ProductLoggingAspect" filename="com/retail/productdetails/aop/ProductLoggingAspect.java" line-rate="0.0" branch-rate="0.0" complexity="5.0">
					<methods>
						<method name="&lt;clinit&gt;" signature="()V" line-rate="0.0" branch-rate="1.0" complexity="0">
							<lines>
								<line number="19" hits="0" branch="false"/>
							</lines>
						</method>
						<method name="aroundMethodInvocation" signature="(Lorg/aspectj/lang/ProceedingJoinPoint;)Ljava/lang/Object;" line-rate="0.0" branch-rate="0.0" complexity="0">
							<lines>
								<line number="29" hits="0" branch="true" condition-coverage="0% (0/2)">
									<conditions>
										<condition number="0" type="jump" coverage="0%"/>
									</conditions>
								</line>
								<line number="31" hits="0" branch="false"/>
								<line number="32" hits="0" branch="false"/>
								<line number="34" hits="0" branch="false"/>
								<line number="35" hits="0" branch="false"/>
								<line number="37" hits="0" branch="true" condition-coverage="0% (0/2)">
									<conditions>
										<condition number="0" type="jump" coverage="0%"/>
									</conditions>
								</line>
								<line number="39" hits="0" branch="false"/>
								<line number="40" hits="0" branch="true" condition-coverage="0% (0/2)">
									<conditions>
										<condition number="0" type="jump" coverage="0%"/>
									</conditions>
								</line>
								<line number="41" hits="0" branch="false"/>
								<line number="42" hits="0" branch="false"/>
								<line number="43" hits="0" branch="true" condition-coverage="0% (0/2)">
									<conditions>
										<condition number="0" type="jump" coverage="0%"/>
									</conditions>
								</line>
								<line number="44" hits="0" branch="false"/>
								<line number="48" hits="0" branch="false"/>
								<line number="51" hits="0" branch="false"/>
								<line number="52" hits="0" branch="false"/>
							</lines>
						</method>
					</methods>
					<lines>
						<line number="19" hits="0" branch="false"/>
						<line number="29" hits="0" branch="true" condition-coverage="0% (0/2)">
							<conditions>
								<condition number="0" type="jump" coverage="0%"/>
							</conditions>
						</line>
						<line number="31" hits="0" branch="false"/>
						<line number="32" hits="0" branch="false"/>
						<line number="34" hits="0" branch="false"/>
						<line number="35" hits="0" branch="false"/>
						<line number="37" hits="0" branch="true" condition-coverage="0% (0/2)">
							<conditions>
								<condition number="0" type="jump" coverage="0%"/>
							</conditions>
						</line>
						<line number="39" hits="0" branch="false"/>
						<line number="40" hits="0" branch="true" condition-coverage="0% (0/2)">
							<conditions>
								<condition number="0" type="jump" coverage="0%"/>
							</conditions>
						</line>
						<line number="41" hits="0" branch="false"/>
						<line number="42" hits="0" branch="false"/>
						<line number="43" hits="0" branch="true" condition-coverage="0% (0/2)">
							<conditions>
								<condition number="0" type="jump" coverage="0%"/>
							</conditions>
						</line>
						<line number="44" hits="0" branch="false"/>
						<line number="48" hits="0" branch="false"/>
						<line number="51" hits="0" branch="false"/>
						<line number="52" hits="0" branch="false"/>
					</lines>
				</class>
				<class name="com.retail.productdetails.aop.ProductPointcut" filename="com/retail/productdetails/aop/ProductPointcut.java" line-rate="0.0" branch-rate="1.0" complexity="1.0">
					<methods>
						<method name="afterException" signature="()V" line-rate="0.0" branch-rate="1.0" complexity="0">
							<lines>
								<line number="32" hits="0" branch="false"/>
							</lines>
						</method>
						<method name="afterMethodExecution" signature="()V" line-rate="0.0" branch-rate="1.0" complexity="0">
							<lines>
								<line number="24" hits="0" branch="false"/>
							</lines>
						</method>
						<method name="beforeMethodExecution" signature="()V" line-rate="0.0" branch-rate="1.0" complexity="0">
							<lines>
								<line number="16" hits="0" branch="false"/>
							</lines>
						</method>
					</methods>
					<lines>
						<line number="16" hits="0" branch="false"/>
						<line number="24" hits="0" branch="false"/>
						<line number="32" hits="0" branch="false"/>
					</lines>
				</class>
			</classes>
		</package>
		<package name="com.retail.productdetails.controller" line-rate="0.0" branch-rate="1.0" complexity="2.0">
			<classes>
				<class name="com.retail.productdetails.controller.ProductDetailsRestController" filename="com/retail/productdetails/controller/ProductDetailsRestController.java" line-rate="0.0" branch-rate="1.0" complexity="2.0">
					<methods>
						<method name="getProductDetails" signature="(Ljava/lang/String;)Lcom/retail/productdetails/view/ProductDetailsRequest;" line-rate="0.0" branch-rate="1.0" complexity="0">
							<lines>
								<line number="42" hits="0" branch="false"/>
								<line number="43" hits="0" branch="false"/>
								<line number="44" hits="0" branch="false"/>
								<line number="46" hits="0" branch="false"/>
								<line number="47" hits="0" branch="false"/>
							</lines>
						</method>
						<method name="getProductDetails" signature="(Ljava/lang/String;Lcom/retail/productdetails/view/ProductDetailsRequest;)Lorg/springframework/http/ResponseEntity;" line-rate="0.0" branch-rate="1.0" complexity="0">
							<lines>
								<line number="60" hits="0" branch="false"/>
								<line number="61" hits="0" branch="false"/>
							</lines>
						</method>
					</methods>
					<lines>
						<line number="42" hits="0" branch="false"/>
						<line number="43" hits="0" branch="false"/>
						<line number="44" hits="0" branch="false"/>
						<line number="46" hits="0" branch="false"/>
						<line number="47" hits="0" branch="false"/>
						<line number="60" hits="0" branch="false"/>
						<line number="61" hits="0" branch="false"/>
					</lines>
				</class>
			</classes>
		</package>
		<package name="com.retail.productdetails.dao" line-rate="0.0196078431372549" branch-rate="0.0" complexity="4.333333333333333">
			<classes>
				<class name="com.retail.productdetails.dao.ProductPriceDAO" filename="com/retail/productdetails/dao/ProductPriceDAO.java" line-rate="1.0" branch-rate="1.0" complexity="1.0">
					<methods>
					</methods>
					<lines>
					</lines>
				</class>
				<class name="com.retail.productdetails.dao.ProductPriceDAOImpl" filename="com/retail/productdetails/dao/ProductPriceDAOImpl.java" line-rate="0.0196078431372549" branch-rate="0.0" complexity="6.0">
					<methods>
						<method name="&lt;clinit&gt;" signature="()V" line-rate="1.0" branch-rate="1.0" complexity="0">
							<lines>
								<line number="33" hits="1" branch="false"/>
							</lines>
						</method>
						<method name="getCurrentTime" signature="()Ljava/lang/String;" line-rate="0.0" branch-rate="1.0" complexity="0">
							<lines>
								<line number="140" hits="0" branch="false"/>
								<line number="141" hits="0" branch="false"/>
								<line number="142" hits="0" branch="false"/>
								<line number="143" hits="0" branch="false"/>
								<line number="144" hits="0" branch="false"/>
							</lines>
						</method>
						<method name="getProductPrice" signature="(I)Lcom/retail/productdetails/data/ProductPrice;" line-rate="0.0" branch-rate="0.0" complexity="0">
							<lines>
								<line number="52" hits="0" branch="false"/>
								<line number="53" hits="0" branch="false"/>
								<line number="54" hits="0" branch="false"/>
								<line number="55" hits="0" branch="false"/>
								<line number="56" hits="0" branch="false"/>
								<line number="57" hits="0" branch="true" condition-coverage="0% (0/4)">
									<conditions>
										<condition number="0" type="jump" coverage="0%"/>
										<condition number="1" type="jump" coverage="0%"/>
									</conditions>
								</line>
								<line number="58" hits="0" branch="false"/>
								<line number="60" hits="0" branch="false"/>
								<line number="63" hits="0" branch="false"/>
								<line number="64" hits="0" branch="false"/>
								<line number="65" hits="0" branch="false"/>
							</lines>
						</method>
						<method name="updateProductPrice" signature="(Lcom/retail/productdetails/data/ProductPrice;)V" line-rate="0.0" branch-rate="1.0" complexity="0">
							<lines>
								<line number="80" hits="0" branch="false"/>
								<line number="81" hits="0" branch="false"/>
								<line number="82" hits="0" branch="false"/>
								<line number="83" hits="0" branch="false"/>
								<line number="84" hits="0" branch="false"/>
								<line number="85" hits="0" branch="false"/>
								<line number="87" hits="0" branch="false"/>
								<line number="88" hits="0" branch="false"/>
							</lines>
						</method>
						<method name="updateQueryBuilder" signature="(Lcom/retail/productdetails/data/ProductPrice;)Ljava/lang/String;" line-rate="0.0" branch-rate="0.0" complexity="0">
							<lines>
								<line number="95" hits="0" branch="false"/>
								<line number="96" hits="0" branch="false"/>
								<line number="97" hits="0" branch="false"/>
								<line number="99" hits="0" branch="true" condition-coverage="0% (0/4)">
									<conditions>
										<condition number="0" type="jump" coverage="0%"/>
										<condition number="1" type="jump" coverage="0%"/>
									</conditions>
								</line>
								<line number="100" hits="0" branch="false"/>
								<line number="101" hits="0" branch="false"/>
								<line number="103" hits="0" branch="true" condition-coverage="0% (0/4)">
									<conditions>
										<condition number="0" type="jump" coverage="0%"/>
										<condition number="1" type="jump" coverage="0%"/>
									</conditions>
								</line>
								<line number="104" hits="0" branch="true" condition-coverage="0% (0/2)">
									<conditions>
										<condition number="0" type="jump" coverage="0%"/>
									</conditions>
								</line>
								<line number="105" hits="0" branch="false"/>
								<line number="107" hits="0" branch="false"/>
								<line number="108" hits="0" branch="false"/>
								<line number="110" hits="0" branch="true" condition-coverage="0% (0/4)">
									<conditions>
										<condition number="0" type="jump" coverage="0%"/>
										<condition number="1" type="jump" coverage="0%"/>
									</conditions>
								</line>
								<line number="111" hits="0" branch="true" condition-coverage="0% (0/2)">
									<conditions>
										<condition number="0" type="jump" coverage="0%"/>
									</conditions>
								</line>
								<line number="112" hits="0" branch="false"/>
								<line number="114" hits="0" branch="false"/>
								<line number="115" hits="0" branch="false"/>
								<line number="117" hits="0" branch="true" condition-coverage="0% (0/4)">
									<conditions>
										<condition number="0" type="jump" coverage="0%"/>
										<condition number="1" type="jump" coverage="0%"/>
									</conditions>
								</line>
								<line number="118" hits="0" branch="true" condition-coverage="0% (0/2)">
									<conditions>
										<condition number="0" type="jump" coverage="0%"/>
									</conditions>
								</line>
								<line number="119" hits="0" branch="false"/>
								<line number="121" hits="0" branch="false"/>
								<line number="122" hits="0" branch="false"/>
								<line number="124" hits="0" branch="true" condition-coverage="0% (0/2)">
									<conditions>
										<condition number="0" type="jump" coverage="0%"/>
									</conditions>
								</line>
								<line number="125" hits="0" branch="false"/>
								<line number="127" hits="0" branch="false"/>
								<line number="128" hits="0" branch="false"/>
								<line number="129" hits="0" branch="false"/>
							</lines>
						</method>
					</methods>
					<lines>
						<line number="33" hits="1" branch="false"/>
						<line number="52" hits="0" branch="false"/>
						<line number="53" hits="0" branch="false"/>
						<line number="54" hits="0" branch="false"/>
						<line number="55" hits="0" branch="false"/>
						<line number="56" hits="0" branch="false"/>
						<line number="57" hits="0" branch="true" condition-coverage="0% (0/4)">
							<conditions>
								<condition number="0" type="jump" coverage="0%"/>
								<condition number="1" type="jump" coverage="0%"/>
							</conditions>
						</line>
						<line number="58" hits="0" branch="false"/>
						<line number="60" hits="0" branch="false"/>
						<line number="63" hits="0" branch="false"/>
						<line number="64" hits="0" branch="false"/>
						<line number="65" hits="0" branch="false"/>
						<line number="80" hits="0" branch="false"/>
						<line number="81" hits="0" branch="false"/>
						<line number="82" hits="0" branch="false"/>
						<line number="83" hits="0" branch="false"/>
						<line number="84" hits="0" branch="false"/>
						<line number="85" hits="0" branch="false"/>
						<line number="87" hits="0" branch="false"/>
						<line number="88" hits="0" branch="false"/>
						<line number="95" hits="0" branch="false"/>
						<line number="96" hits="0" branch="false"/>
						<line number="97" hits="0" branch="false"/>
						<line number="99" hits="0" branch="true" condition-coverage="0% (0/4)">
							<conditions>
								<condition number="0" type="jump" coverage="0%"/>
								<condition number="1" type="jump" coverage="0%"/>
							</conditions>
						</line>
						<line number="100" hits="0" branch="false"/>
						<line number="101" hits="0" branch="false"/>
						<line number="103" hits="0" branch="true" condition-coverage="0% (0/4)">
							<conditions>
								<condition number="0" type="jump" coverage="0%"/>
								<condition number="1" type="jump" coverage="0%"/>
							</conditions>
						</line>
						<line number="104" hits="0" branch="true" condition-coverage="0% (0/2)">
							<conditions>
								<condition number="0" type="jump" coverage="0%"/>
							</conditions>
						</line>
						<line number="105" hits="0" branch="false"/>
						<line number="107" hits="0" branch="false"/>
						<line number="108" hits="0" branch="false"/>
						<line number="110" hits="0" branch="true" condition-coverage="0% (0/4)">
							<conditions>
								<condition number="0" type="jump" coverage="0%"/>
								<condition number="1" type="jump" coverage="0%"/>
							</conditions>
						</line>
						<line number="111" hits="0" branch="true" condition-coverage="0% (0/2)">
							<conditions>
								<condition number="0" type="jump" coverage="0%"/>
							</conditions>
						</line>
						<line number="112" hits="0" branch="false"/>
						<line number="114" hits="0" branch="false"/>
						<line number="115" hits="0" branch="false"/>
						<line number="117" hits="0" branch="true" condition-coverage="0% (0/4)">
							<conditions>
								<condition number="0" type="jump" coverage="0%"/>
								<condition number="1" type="jump" coverage="0%"/>
							</conditions>
						</line>
						<line number="118" hits="0" branch="true" condition-coverage="0% (0/2)">
							<conditions>
								<condition number="0" type="jump" coverage="0%"/>
							</conditions>
						</line>
						<line number="119" hits="0" branch="false"/>
						<line number="121" hits="0" branch="false"/>
						<line number="122" hits="0" branch="false"/>
						<line number="124" hits="0" branch="true" condition-coverage="0% (0/2)">
							<conditions>
								<condition number="0" type="jump" coverage="0%"/>
							</conditions>
						</line>
						<line number="125" hits="0" branch="false"/>
						<line number="127" hits="0" branch="false"/>
						<line number="128" hits="0" branch="false"/>
						<line number="129" hits="0" branch="false"/>
						<line number="140" hits="0" branch="false"/>
						<line number="141" hits="0" branch="false"/>
						<line number="142" hits="0" branch="false"/>
						<line number="143" hits="0" branch="false"/>
						<line number="144" hits="0" branch="false"/>
					</lines>
				</class>
			</classes>
		</package>
		<package name="com.retail.productdetails.data" line-rate="1.0" branch-rate="1.0" complexity="1.0">
			<classes>
				<class name="com.retail.productdetails.data.ProductDetails" filename="com/retail/productdetails/data/ProductDetails.java" line-rate="1.0" branch-rate="1.0" complexity="1.0">
					<methods>
					</methods>
					<lines>
					</lines>
				</class>
				<class name="com.retail.productdetails.data.ProductPrice" filename="com/retail/productdetails/data/ProductPrice.java" line-rate="1.0" branch-rate="1.0" complexity="1.0">
					<methods>
					</methods>
					<lines>
					</lines>
				</class>
			</classes>
		</package>
		<package name="com.retail.productdetails.gateway" line-rate="0.2962962962962963" branch-rate="0.375" complexity="5.5">
			<classes>
				<class name="com.retail.productdetails.gateway.ProductDetailsGateway" filename="com/retail/productdetails/gateway/ProductDetailsGateway.java" line-rate="0.2962962962962963" branch-rate="0.375" complexity="5.5">
					<methods>
						<method name="&lt;clinit&gt;" signature="()V" line-rate="1.0" branch-rate="1.0" complexity="0">
							<lines>
								<line number="30" hits="1" branch="false"/>
							</lines>
						</method>
						<method name="getGatewayResponse" signature="(I)Ljava/lang/String;" line-rate="0.0" branch-rate="1.0" complexity="0">
							<lines>
								<line number="100" hits="0" branch="false"/>
								<line number="101" hits="0" branch="false"/>
								<line number="102" hits="0" branch="false"/>
								<line number="103" hits="0" branch="false"/>
								<line number="104" hits="0" branch="false"/>
								<line number="105" hits="0" branch="false"/>
								<line number="107" hits="0" branch="false"/>
								<line number="109" hits="0" branch="false"/>
							</lines>
						</method>
						<method name="getProductDetails" signature="(I)Lcom/retail/productdetails/data/ProductDetails;" line-rate="0.3888888888888889" branch-rate="0.375" complexity="0">
							<lines>
								<line number="53" hits="2" branch="false"/>
								<line number="55" hits="2" branch="false"/>
								<line number="56" hits="2" branch="false"/>
								<line number="57" hits="2" branch="false"/>
								<line number="58" hits="2" branch="true" condition-coverage="75% (3/4)">
									<conditions>
										<condition number="0" type="jump" coverage="100%"/>
										<condition number="1" type="jump" coverage="50%"/>
									</conditions>
								</line>
								<line number="59" hits="0" branch="false"/>
								<line number="60" hits="0" branch="false"/>
								<line number="62" hits="0" branch="false"/>
								<line number="63" hits="0" branch="false"/>
								<line number="64" hits="0" branch="true" condition-coverage="0% (0/2)">
									<conditions>
										<condition number="0" type="jump" coverage="0%"/>
									</conditions>
								</line>
								<line number="65" hits="0" branch="false"/>
								<line number="66" hits="0" branch="false"/>
								<line number="67" hits="0" branch="true" condition-coverage="0% (0/2)">
									<conditions>
										<condition number="0" type="jump" coverage="0%"/>
									</conditions>
								</line>
								<line number="68" hits="0" branch="false"/>
								<line number="69" hits="0" branch="false"/>
								<line number="71" hits="0" branch="false"/>
								<line number="72" hits="2" branch="false"/>
								<line number="73" hits="2" branch="false"/>
							</lines>
						</method>
					</methods>
					<lines>
						<line number="30" hits="1" branch="false"/>
						<line number="53" hits="2" branch="false"/>
						<line number="55" hits="2" branch="false"/>
						<line number="56" hits="2" branch="false"/>
						<line number="57" hits="2" branch="false"/>
						<line number="58" hits="2" branch="true" condition-coverage="75% (3/4)">
							<conditions>
								<condition number="0" type="jump" coverage="100%"/>
								<condition number="1" type="jump" coverage="50%"/>
							</conditions>
						</line>
						<line number="59" hits="0" branch="false"/>
						<line number="60" hits="0" branch="false"/>
						<line number="62" hits="0" branch="false"/>
						<line number="63" hits="0" branch="false"/>
						<line number="64" hits="0" branch="true" condition-coverage="0% (0/2)">
							<conditions>
								<condition number="0" type="jump" coverage="0%"/>
							</conditions>
						</line>
						<line number="65" hits="0" branch="false"/>
						<line number="66" hits="0" branch="false"/>
						<line number="67" hits="0" branch="true" condition-coverage="0% (0/2)">
							<conditions>
								<condition number="0" type="jump" coverage="0%"/>
							</conditions>
						</line>
						<line number="68" hits="0" branch="false"/>
						<line number="69" hits="0" branch="false"/>
						<line number="71" hits="0" branch="false"/>
						<line number="72" hits="2" branch="false"/>
						<line number="73" hits="2" branch="false"/>
						<line number="100" hits="0" branch="false"/>
						<line number="101" hits="0" branch="false"/>
						<line number="102" hits="0" branch="false"/>
						<line number="103" hits="0" branch="false"/>
						<line number="104" hits="0" branch="false"/>
						<line number="105" hits="0" branch="false"/>
						<line number="107" hits="0" branch="false"/>
						<line number="109" hits="0" branch="false"/>
					</lines>
				</class>
			</classes>
		</package>
		<package name="com.retail.productdetails.service" line-rate="1.0" branch-rate="1.0" complexity="1.0">
			<classes>
				<class name="com.retail.productdetails.service.ProductDetailsService" filename="com/retail/productdetails/service/ProductDetailsService.java" line-rate="1.0" branch-rate="1.0" complexity="1.0">
					<methods>
						<method name="getProductDetails" signature="(I)Lcom/retail/productdetails/view/ProductDetailsRequest;" line-rate="1.0" branch-rate="1.0" complexity="0">
							<lines>
								<line number="37" hits="2" branch="false"/>
								<line number="38" hits="2" branch="false"/>
								<line number="39" hits="2" branch="false"/>
							</lines>
						</method>
						<method name="mapDataObjectToResponse" signature="(Lcom/retail/productdetails/data/ProductDetails;Lcom/retail/productdetails/data/ProductPrice;)Lcom/retail/productdetails/view/ProductDetailsRequest;" line-rate="1.0" branch-rate="1.0" complexity="0">
							<lines>
								<line number="81" hits="2" branch="false"/>
								<line number="82" hits="2" branch="false"/>
								<line number="83" hits="2" branch="false"/>
								<line number="84" hits="2" branch="false"/>
								<line number="85" hits="2" branch="false"/>
								<line number="86" hits="2" branch="false"/>
								<line number="87" hits="1" branch="false"/>
								<line number="88" hits="1" branch="false"/>
								<line number="89" hits="1" branch="false"/>
								<line number="90" hits="1" branch="false"/>
								<line number="91" hits="1" branch="false"/>
								<line number="92" hits="1" branch="false"/>
							</lines>
						</method>
						<method name="mapRequestToDataObject" signature="(Lcom/retail/productdetails/view/ProductDetailsRequest;)Lcom/retail/productdetails/data/ProductPrice;" line-rate="1.0" branch-rate="1.0" complexity="0">
							<lines>
								<line number="62" hits="2" branch="false"/>
								<line number="63" hits="1" branch="false"/>
								<line number="64" hits="1" branch="false"/>
								<line number="65" hits="1" branch="false"/>
								<line number="66" hits="1" branch="false"/>
								<line number="67" hits="1" branch="false"/>
								<line number="68" hits="1" branch="false"/>
								<line number="70" hits="1" branch="false"/>
							</lines>
						</method>
						<method name="updateProductPrice" signature="(Lcom/retail/productdetails/view/ProductDetailsRequest;)V" line-rate="1.0" branch-rate="1.0" complexity="0">
							<lines>
								<line number="48" hits="2" branch="false"/>
								<line number="49" hits="2" branch="false"/>
								<line number="50" hits="1" branch="false"/>
								<line number="52" hits="1" branch="false"/>
							</lines>
						</method>
					</methods>
					<lines>
						<line number="37" hits="2" branch="false"/>
						<line number="38" hits="2" branch="false"/>
						<line number="39" hits="2" branch="false"/>
						<line number="48" hits="2" branch="false"/>
						<line number="49" hits="2" branch="false"/>
						<line number="50" hits="1" branch="false"/>
						<line number="52" hits="1" branch="false"/>
						<line number="62" hits="2" branch="false"/>
						<line number="63" hits="1" branch="false"/>
						<line number="64" hits="1" branch="false"/>
						<line number="65" hits="1" branch="false"/>
						<line number="66" hits="1" branch="false"/>
						<line number="67" hits="1" branch="false"/>
						<line number="68" hits="1" branch="false"/>
						<line number="70" hits="1" branch="false"/>
						<line number="81" hits="2" branch="false"/>
						<line number="82" hits="2" branch="false"/>
						<line number="83" hits="2" branch="false"/>
						<line number="84" hits="2" branch="false"/>
						<line number="85" hits="2" branch="false"/>
						<line number="86" hits="2" branch="false"/>
						<line number="87" hits="1" branch="false"/>
						<line number="88" hits="1" branch="false"/>
						<line number="89" hits="1" branch="false"/>
						<line number="90" hits="1" branch="false"/>
						<line number="91" hits="1" branch="false"/>
						<line number="92" hits="1" branch="false"/>
					</lines>
				</class>
			</classes>
		</package>
		<package name="com.retail.productdetails.validator" line-rate="0.0" branch-rate="0.0" complexity="2.0">
			<classes>
				<class name="com.retail.productdetails.validator.MandatoryField" filename="com/retail/productdetails/validator/MandatoryField.java" line-rate="1.0" branch-rate="1.0" complexity="0.0">
					<methods>
					</methods>
					<lines>
					</lines>
				</class>
				<class name="com.retail.productdetails.validator.MandatoryFieldValidator" filename="com/retail/productdetails/validator/MandatoryFieldValidator.java" line-rate="0.0" branch-rate="0.0" complexity="2.0">
					<methods>
						<method name="&lt;clinit&gt;" signature="()V" line-rate="0.0" branch-rate="1.0" complexity="0">
							<lines>
								<line number="19" hits="0" branch="false"/>
							</lines>
						</method>
						<method name="initialize" signature="(Lcom/retail/productdetails/validator/MandatoryField;)V" line-rate="0.0" branch-rate="1.0" complexity="0">
							<lines>
								<line number="23" hits="0" branch="false"/>
								<line number="24" hits="0" branch="false"/>
							</lines>
						</method>
						<method name="initialize" signature="(Ljava/lang/annotation/Annotation;)V" line-rate="0.0" branch-rate="1.0" complexity="0">
							<lines>
								<line number="17" hits="0" branch="false"/>
							</lines>
						</method>
						<method name="isValid" signature="(Lcom/retail/productdetails/view/ProductDetailsRequest;Ljavax/validation/ConstraintValidatorContext;)Z" line-rate="0.0" branch-rate="0.0" complexity="0">
							<lines>
								<line number="33" hits="0" branch="false"/>
								<line number="35" hits="0" branch="true" condition-coverage="0% (0/2)">
									<conditions>
										<condition number="0" type="jump" coverage="0%"/>
									</conditions>
								</line>
								<line number="36" hits="0" branch="false"/>
								<line number="37" hits="0" branch="false"/>
								<line number="40" hits="0" branch="true" condition-coverage="0% (0/2)">
									<conditions>
										<condition number="0" type="jump" coverage="0%"/>
									</conditions>
								</line>
								<line number="41" hits="0" branch="false"/>
								<line number="42" hits="0" branch="false"/>
								<line number="45" hits="0" branch="false"/>
							</lines>
						</method>
						<method name="isValid" signature="(Ljava/lang/Object;Ljavax/validation/ConstraintValidatorContext;)Z" line-rate="1.0" branch-rate="1.0" complexity="0">
							<lines>
							</lines>
						</method>
					</methods>
					<lines>
						<line number="17" hits="0" branch="false"/>
						<line number="19" hits="0" branch="false"/>
						<line number="23" hits="0" branch="false"/>
						<line number="24" hits="0" branch="false"/>
						<line number="33" hits="0" branch="false"/>
						<line number="35" hits="0" branch="true" condition-coverage="0% (0/2)">
							<conditions>
								<condition number="0" type="jump" coverage="0%"/>
							</conditions>
						</line>
						<line number="36" hits="0" branch="false"/>
						<line number="37" hits="0" branch="false"/>
						<line number="40" hits="0" branch="true" condition-coverage="0% (0/2)">
							<conditions>
								<condition number="0" type="jump" coverage="0%"/>
							</conditions>
						</line>
						<line number="41" hits="0" branch="false"/>
						<line number="42" hits="0" branch="false"/>
						<line number="45" hits="0" branch="false"/>
					</lines>
				</class>
			</classes>
		</package>
		<package name="com.retail.productdetails.view" line-rate="0.0" branch-rate="1.0" complexity="1.0">
			<classes>
				<class name="com.retail.productdetails.view.ProductDetailsExceptionResponse" filename="com/retail/productdetails/view/ProductDetailsExceptionResponse.java" line-rate="1.0" branch-rate="1.0" complexity="1.0">
					<methods>
					</methods>
					<lines>
					</lines>
				</class>
				<class name="com.retail.productdetails.view.ProductDetailsRequest" filename="com/retail/productdetails/view/ProductDetailsRequest.java" line-rate="0.0" branch-rate="1.0" complexity="1.0">
					<methods>
						<method name="toString" signature="()Ljava/lang/String;" line-rate="0.0" branch-rate="1.0" complexity="0">
							<lines>
								<line number="53" hits="0" branch="false"/>
							</lines>
						</method>
					</methods>
					<lines>
						<line number="53" hits="0" branch="false"/>
					</lines>
				</class>
				<class name="com.retail.productdetails.view.ProductPriceRequest" filename="com/retail/productdetails/view/ProductPriceRequest.java" line-rate="1.0" branch-rate="1.0" complexity="1.0">
					<methods>
					</methods>
					<lines>
					</lines>
				</class>
			</classes>
		</package>
	</packages>
</coverage>
