<?xml version="1.0" encoding="UTF-8"?>
<testsuite name="com.retail.productdetails.dao.ProductPriceDAOTest" time="0.027" tests="1" errors="1" skipped="0" failures="0">
  <properties>
[...]
</properties>
  <testcase name="testUpdateProductPrice" classname="com.retail.productdetails.dao.ProductPriceDAOTest" time="0.027">
    <error message="tried to access method com.retail.productdetails.dao.ProductPriceDAOImpl.updateQueryBuilder(Lcom/retail/productdetails/data/ProductPrice;)Ljava/lang/String; from class com.retail.productdetails.dao.ProductPriceDAOTest" type="java.lang.IllegalAccessError">java.lang.IllegalAccessError: tried to access method com.retail.productdetails.dao.ProductPriceDAOImpl.updateQueryBuilder(Lcom/retail/productdetails/data/ProductPrice;)Ljava/lang/String; from class com.retail.productdetails.dao.ProductPriceDAOTest
	at com.retail.productdetails.dao.ProductPriceDAOTest.testUpdateProductPrice(ProductPriceDAOTest.java:61)
</error>
    <system-err><![CDATA[SLF4J: Class path contains multiple SLF4J bindings.
SLF4J: Found binding in [jar:file:/Users/joyappanjintu/.m2/repository/org/apache/logging/log4j/log4j-slf4j-impl/2.7/log4j-slf4j-impl-2.7.jar!/org/slf4j/impl/StaticLoggerBinder.class]
SLF4J: Found binding in [jar:file:/Users/joyappanjintu/.m2/repository/ch/qos/logback/logback-classic/1.1.9/logback-classic-1.1.9.jar!/org/slf4j/impl/StaticLoggerBinder.class]
SLF4J: See http://www.slf4j.org/codes.html#multiple_bindings for an explanation.
SLF4J: Actual binding is of type [org.apache.logging.slf4j.Log4jLoggerFactory]
]]></system-err>
  </testcase>
</testsuite>